Arguments: 
  /data/data/com.termux/files/usr/bin/node /data/data/com.termux/files/usr/share/yarn/bin/yarn.js

PATH: 
  /data/data/com.termux/files/home/.cargo/bin:/data/data/com.termux/files/usr/bin

Yarn version: 
  1.22.19

Node version: 
  21.6.2

Platform: 
  android arm

Trace: 
  Error: ENOENT: no such file or directory, copyfile '/data/data/com.termux/files/home/.cache/yarn/v6/npm-minimatch-3.0.5-4da8f1290ee0f0f8e83d60ca69f8f134068604a3-integrity/node_modules/minimatch/LICENSE' -> '/data/data/com.termux/files/home/ecosystem/node_modules/@nx/js/node_modules/minimatch/LICENSE'

npm manifest: 
  {
    "name": "erf40system",
    "author": "Optimism PBC",
    "license": "MIT",
    "scripts": {
      "clean": "pnpm recursive run clean",
      "create:app": "cd apps && pnpm create vite --template=react-ts ",
      "create:react:library": "cd packages && pnpm create vite --template=react-ts "
    },
    "private": true,
    "devDependencies": {
      "@nx/js": "17.1.3",
      "@nx/plugin": "17.1.3",
      "eslint-config-react-app": "^7.0.1",
      "eslint-plugin-jsdoc": "^46.9.0",
      "eslint-plugin-simple-import-sort": "^10.0.0",
      "eslint-plugin-storybook": "^0.6.15",
      "nx": "17.1.3"
    },
    "version": "1.0.0",
    "main": ".eslintrc.js",
    "directories": {
      "doc": "docs"
    },
    "repository": {
      "type": "git",
      "url": "git+https://github.com/Kalianda-store/ecosystem.git"
    },
    "bugs": {
      "url": "https://github.com/Kalianda-store/ecosystem/issues"
    },
    "homepage": "https://github.com/Kalianda-store/ecosystem#readme",
    "description": "test run"
  }

yarn manifest: 
  No manifest

Lockfile: 
  No lockfile
